<?xml version="1.0" encoding="UTF-8"?>
<!-- Generated by org.testng.reporters.JUnitXMLReporter -->
<testsuite hostname="LAPTOP-PT93KTGA" ignored="0" name="Default test" tests="4" failures="0" timestamp="18 Sep 2021 11:34:22 GMT" time="14.994" errors="0">
  <testcase name="tc1" time="4.616" classname="org.test.sample.Sample"/>
  <testcase name="tc2" time="3.255" classname="org.test.sample.Sample"/>
  <testcase name="tc3" time="3.45" classname="org.test.sample.Sample"/>
  <testcase name="tc4" time="3.639" classname="org.test.sample.Sample"/>
</testsuite> <!-- Default test -->
