<?xml version="1.0" encoding="UTF-8"?>
<!-- Generated by org.testng.reporters.JUnitXMLReporter -->
<testsuite hostname="LAPTOP-PT93KTGA" ignored="3" name="Test(failed)" tests="3" failures="3" timestamp="20 Sep 2021 11:32:00 GMT" time="7.348" errors="0">
  <testcase name="tc9" time="4.142" classname="org.test.sample.A">
    <failure type="java.lang.AssertionError" message="Check your testcase 1 expected [true] but found [false]">
      <![CDATA[java.lang.AssertionError: Check your testcase 1 expected [true] but found [false]
at org.test.sample.A.tc9(A.java:56)
... Removed 28 stack frames]]>
    </failure>
  </testcase> <!-- tc9 -->
  <testcase name="tc13" time="3.169" classname="org.test.sample.A">
    <failure type="java.lang.AssertionError" message="Check your testcase 1 expected [true] but found [false]">
      <![CDATA[java.lang.AssertionError: Check your testcase 1 expected [true] but found [false]
at org.test.sample.A.tc13(A.java:25)
... Removed 28 stack frames]]>
    </failure>
  </testcase> <!-- tc13 -->
  <testcase name="tc1" time="0.0" classname="org.test.sample.Sample">
    <failure type="org.testng.TestNGException" message="
Cannot inject @Test annotated Method [tc1] with [class java.lang.String].
For more information on native dependency injection please refer to http://testng.org/doc/documentation-main.html#native-dependency-injection">
      <![CDATA[org.testng.TestNGException: 
Cannot inject @Test annotated Method [tc1] with [class java.lang.String].
For more information on native dependency injection please refer to http://testng.org/doc/documentation-main.html#native-dependency-injection
... Removed 24 stack frames]]>
    </failure>
  </testcase> <!-- tc1 -->
  <testcase name="tc50" time="0.0" classname="org.test.sample.A">
    <ignored/>
  </testcase> <!-- tc50 -->
  <testcase name="tc5" time="0.0" classname="org.test.sample.A">
    <ignored/>
  </testcase> <!-- tc5 -->
  <testcase name="tc50" time="0.0" classname="org.test.sample.Sample">
    <ignored/>
  </testcase> <!-- tc50 -->
</testsuite> <!-- Test(failed) -->
